Analysis initiated from SIMULIA established products
Abaqus JOB cube_C3D8T_no_diffusion_transient_solver_nlgeom_off
Abaqus 2023.HF4
Abaqus License Manager checked out the following licenses:
Abaqus/Standard checked out 5 tokens from Flexnet server lic-abaqus.aalto.fi.
<83 out of 100 licenses remain available>.
Begin Analysis Input File Processor
2024-10-12 7:37:47 PM
Run pre.exe
2024-10-12 7:37:52 PM
End Analysis Input File Processor
Begin Abaqus/Standard Analysis
2024-10-12 7:37:52 PM
Run standard.exe
2024-10-12 7:38:01 PM
End Abaqus/Standard Analysis
Begin SIM Wrap-up
2024-10-12 7:38:03 PM
Run SMASimUtility.exe
2024-10-12 7:38:03 PM
End SIM Wrap-up
Abaqus JOB cube_C3D8T_no_diffusion_transient_solver_nlgeom_off COMPLETED
