Analysis initiated from SIMULIA established products
Abaqus JOB cube_C3D8_deformation_plastic_solver_nlgeom_off
Abaqus 2023.HF4
Abaqus License Manager checked out the following licenses:
Abaqus/Standard checked out 5 tokens from Flexnet server lic-abaqus.aalto.fi.
<83 out of 100 licenses remain available>.
Begin Analysis Input File Processor
2024-10-10 12:17:28 PM
Run pre.exe
2024-10-10 12:17:33 PM
End Analysis Input File Processor
Begin Abaqus/Standard Analysis
2024-10-10 12:17:33 PM
Run standard.exe
2024-10-10 12:17:43 PM
End Abaqus/Standard Analysis
Begin SIM Wrap-up
2024-10-10 12:17:44 PM
Run SMASimUtility.exe
2024-10-10 12:17:44 PM
End SIM Wrap-up
Abaqus JOB cube_C3D8_deformation_plastic_solver_nlgeom_off COMPLETED
