1
0
1
ASSEMBLY
1
CUBE_ASSEMBLY
CUBE
1
CUBE_ASSEMBLY
8
1 1
2 2
3 3
4 4
5 5
6 6
7 7
8 8
-2147483647
0
1
CUBE_ASSEMBLY
1
1 1
-2147483647
0
5
TOP_SIDE
0
1
0
1
CUBE_ASSEMBLY
1
1 
0
WHOLE_CUBE_ELEMENT
0
1
0
1
CUBE_ASSEMBLY
1
1 
0
XSYMM_SIDE
0
1
0
1
CUBE_ASSEMBLY
1
1 
0
YSYMM_SIDE
0
1
0
1
CUBE_ASSEMBLY
1
1 
0
ZSYMM_SIDE
0
1
0
1
CUBE_ASSEMBLY
1
1 
0
1
CUBE_ASSEMBLY
1
SET-4
0
1
1
1 
0
0
0
5
FOUR_NP
0
1
0
1
CUBE_ASSEMBLY
4
1 3 5 7 
0
TOP_SIDE
0
1
0
1
CUBE_ASSEMBLY
4
1 3 5 7 
0
XSYMM_SIDE
0
1
0
1
CUBE_ASSEMBLY
4
5 6 7 8 
0
YSYMM_SIDE
0
1
0
1
CUBE_ASSEMBLY
4
2 4 6 8 
0
ZSYMM_SIDE
0
1
0
1
CUBE_ASSEMBLY
4
3 4 7 8 
0
1
CUBE_ASSEMBLY
1
SET-4
0
1
8
1 2 3 4 5 6 7 8 
0
0
0
0
0
