Analysis initiated from SIMULIA established products
Abaqus JOB solver_cube_C3D8_plastic_nlgeom_on_nosymm
Abaqus 2023.HF4
Abaqus License Manager checked out the following licenses:
Abaqus/Standard checked out 5 tokens from Flexnet server lic-abaqus.aalto.fi.
<63 out of 100 licenses remain available>.
Begin Analysis Input File Processor
24/03/2025 15:46:54
Run pre.exe
24/03/2025 15:47:00
End Analysis Input File Processor
Begin Abaqus/Standard Analysis
24/03/2025 15:47:00
Run standard.exe
24/03/2025 15:47:09
End Abaqus/Standard Analysis
Begin SIM Wrap-up
24/03/2025 15:47:10
Run SMASimUtility.exe
24/03/2025 15:47:10
End SIM Wrap-up
Abaqus JOB solver_cube_C3D8_plastic_nlgeom_on_nosymm COMPLETED
