1
0
1
ASSEMBLY
1
CUBE_ASSEMBLY
CUBE
1
CUBE_ASSEMBLY
20
1 1
2 2
3 3
4 4
5 5
6 6
7 7
8 8
9 9
10 10
11 11
12 12
13 13
14 14
15 15
16 16
17 17
18 18
19 19
20 20
-2147483647
0
1
CUBE_ASSEMBLY
2
1 1
2 11
-2147483647
0
5
BOTTOM_SIDE
0
1
0
1
CUBE_ASSEMBLY
1
1 
0
TOP_SIDE
0
1
0
1
CUBE_ASSEMBLY
1
1 
0
WHOLE_CUBE_ELEMENT
0
1
0
1
CUBE_ASSEMBLY
1
1 
0
XSYMM_SIDE
0
1
0
1
CUBE_ASSEMBLY
1
1 
0
ZSYMM_SIDE
0
1
0
1
CUBE_ASSEMBLY
1
1 
0
1
CUBE_ASSEMBLY
3
SET-4
0
1
1
1 
0
0
SOLID
0
1
1
1 
0
0
VISUALIZATION
0
1
1
2 
0
0
0
4
BOTTOM_SIDE
0
1
0
1
CUBE_ASSEMBLY
8
2 4 6 8 11 14 17 19 
0
TOP_SIDE
0
1
0
1
CUBE_ASSEMBLY
8
1 3 5 7 9 16 18 20 
0
XSYMM_SIDE
0
1
0
1
CUBE_ASSEMBLY
8
5 6 7 8 13 14 15 16 
0
ZSYMM_SIDE
0
1
0
1
CUBE_ASSEMBLY
8
3 4 7 8 12 13 17 18 
0
1
CUBE_ASSEMBLY
1
SET-4
0
1
20
1 2 3 4 5 6 7 8 9 10 11 12 13 14 15 16 17 18 19 20 
0
0
0
0
0
