Analysis initiated from SIMULIA established products
Abaqus JOB cube_C3D8T_with_diffusion_transient_solver_nlgeom_off
Abaqus 2023.HF4
Abaqus License Manager checked out the following licenses:
Abaqus/Standard checked out 5 tokens from Flexnet server lic-abaqus.aalto.fi.
<95 out of 100 licenses remain available>.
Begin Analysis Input File Processor
2024-10-12 9:52:19 PM
Run pre.exe
2024-10-12 9:52:25 PM
End Analysis Input File Processor
Begin Abaqus/Standard Analysis
2024-10-12 9:52:25 PM
Run standard.exe
2024-10-12 9:52:34 PM
End Abaqus/Standard Analysis
Begin SIM Wrap-up
2024-10-12 9:52:36 PM
Run SMASimUtility.exe
2024-10-12 9:52:36 PM
End SIM Wrap-up
Abaqus JOB cube_C3D8T_with_diffusion_transient_solver_nlgeom_off COMPLETED
