Analysis initiated from SIMULIA established products
Abaqus JOB cube_C3D8T_with_diffusion_transient_solver_nlgeom_off
Abaqus 2023.HF4
Abaqus License Manager checked out the following licenses:
Abaqus/Standard checked out 5 tokens from Flexnet server lic-abaqus.aalto.fi.
<80 out of 100 licenses remain available>.
Begin Analysis Input File Processor
2024-10-14 3:57:52 PM
Run pre.exe
2024-10-14 3:57:57 PM
End Analysis Input File Processor
Begin Abaqus/Standard Analysis
2024-10-14 3:57:57 PM
Run standard.exe
2024-10-14 3:58:07 PM
End Abaqus/Standard Analysis
Begin SIM Wrap-up
2024-10-14 3:58:08 PM
Run SMASimUtility.exe
2024-10-14 3:58:08 PM
End SIM Wrap-up
Abaqus JOB cube_C3D8T_with_diffusion_transient_solver_nlgeom_off COMPLETED
