Analysis initiated from SIMULIA established products
Abaqus JOB solver_cube_C3D8T_transient_nlgeom_off_4NP
Abaqus 2023.HF4
Abaqus License Manager checked out the following licenses:
Abaqus/Standard checked out 5 tokens from Flexnet server lic-abaqus.aalto.fi.
<68 out of 100 licenses remain available>.
Begin Analysis Input File Processor
24/03/2025 18:01:57
Run pre.exe
24/03/2025 18:02:02
End Analysis Input File Processor
Begin Abaqus/Standard Analysis
24/03/2025 18:02:02
Run standard.exe
24/03/2025 18:02:11
End Abaqus/Standard Analysis
Begin SIM Wrap-up
24/03/2025 18:02:13
Run SMASimUtility.exe
24/03/2025 18:02:13
End SIM Wrap-up
Abaqus JOB solver_cube_C3D8T_transient_nlgeom_off_4NP COMPLETED
