Analysis initiated from SIMULIA established products
Abaqus JOB solver_cube_C3D8T_transient_nlgeom_on_4NP_heat_transfer
Abaqus 2023.HF4
Abaqus License Manager checked out the following licenses:
Abaqus/Standard checked out 5 tokens from Flexnet server lic-abaqus.aalto.fi.
<69 out of 100 licenses remain available>.
Begin Analysis Input File Processor
01/04/2025 13:12:40
Run pre.exe
01/04/2025 13:12:46
End Analysis Input File Processor
Begin Abaqus/Standard Analysis
01/04/2025 13:12:46
Run standard.exe
01/04/2025 13:12:54
End Abaqus/Standard Analysis
Begin SIM Wrap-up
01/04/2025 13:12:56
Run SMASimUtility.exe
01/04/2025 13:12:56
End SIM Wrap-up
Abaqus JOB solver_cube_C3D8T_transient_nlgeom_on_4NP_heat_transfer COMPLETED
