Analysis initiated from SIMULIA established products
Abaqus JOB elastic_plate_default_solver
Abaqus 2023.HF4
Abaqus License Manager checked out the following licenses:
Abaqus/Standard checked out 6 tokens from Flexnet server lic-abaqus.aalto.fi.
<61 out of 100 licenses remain available>.
Begin Analysis Input File Processor
10/04/2025 15:50:24
Run pre.exe
10/04/2025 15:50:30
End Analysis Input File Processor
Begin Abaqus/Standard Analysis
10/04/2025 15:50:30
Run standard.exe
10/04/2025 15:50:59
End Abaqus/Standard Analysis
Begin SIM Wrap-up
10/04/2025 15:51:00
Run SMASimUtility.exe
10/04/2025 15:51:01
End SIM Wrap-up
Abaqus JOB elastic_plate_default_solver COMPLETED
