1
0
1
ASSEMBLY
1
ELASTIC_PLATE_1
ELASTIC_PLATE
1
ELASTIC_PLATE_1
14
-2147483646
0
48 1 16 5 0 1 0 -1 -1 3216 1 -1879048189 1 3216 
14
48 1 16 5 0 1 0 -1 -1 3216 1 -1879048189 1 3216 
0
1
ELASTIC_PLATE_1
14
-2147483646
0
48 1 16 5 0 1 0 -1 -1 1509 1 -1879048189 1 1509 
14
48 1 16 5 0 1 0 -1 -1 1509 1 -1879048189 1 1509 
0
6
ALLE
0
1
0
1
ELASTIC_PLATE_1
14
-2147483647
48 1 16 5 0 1 0 -1 -1 1509 1 -1879048189 1 1509 
0
TOP_SIDE
0
1
0
1
ELASTIC_PLATE_1
26
984 1005 1026 1047 1068 1089 1110 1131 1152 1173 1194 1215 1236 1257 1278 1299 1320 1321 1342 1363 1384 1405 1426 1447 1468 1489 
0
WHOLE_PART
0
1
0
1
ELASTIC_PLATE_1
14
-2147483647
48 1 16 5 0 1 0 -1 -1 1509 1 -1879048189 1 1509 
0
XSYMM_SIDE
0
1
0
1
ELASTIC_PLATE_1
56
1 2 6 9 17 18 20 22 24 25 26 27 28 29 30 31 32 33 34 35 36 37 38 39 40 103 107 112 125 127 130 133 143 189 220 1489 1490 1491 1492 1493 1494 1495 1496 1497 1498 1499 1500 1501 1502 1503 1504 1505 1506 1507 1508 1509 
0
YSYMM_SIDE
0
1
0
1
ELASTIC_PLATE_1
53
41 62 63 65 66 67 68 69 70 71 72 73 74 75 76 77 78 79 80 81 82 83 84 86 87 89 91 92 93 111 116 122 154 169 176 182 947 948 949 950 951 952 953 954 955 956 957 958 959 960 961 962 963 
0
ZSYMM_SIDE
0
1
0
1
ELASTIC_PLATE_1
14
-2147483647
48 1 16 5 0 1 0 -1 -1 1509 1 -1879048189 1 1509 
0
1
ELASTIC_PLATE_1
1
SET-1
0
1
14
-2147483647
48 1 16 5 0 1 0 -1 -1 1509 1 -1879048189 1 1509 
0
0
0
6
ALLN
0
1
0
1
ELASTIC_PLATE_1
14
-2147483647
48 1 16 5 0 1 0 -1 -1 3216 1 -1879048189 1 3216 
0
TOP_SIDE
0
1
0
1
ELASTIC_PLATE_1
54
2083 2084 2085 2086 2087 2088 2089 2090 2091 2092 2093 2094 2095 2096 2097 2098 2099 2100 2101 2102 2103 2104 2105 2106 2107 2108 2109 2110 2111 2112 2113 2114 2115 2118 2197 2198 2858 2859 2860 2866 2871 2876 2877 2878 2879 2881 2883 2884 2885 2886 2888 2890 2891 2893 
0
WHOLE_PART
0
1
0
1
ELASTIC_PLATE_1
14
-2147483647
48 1 16 5 0 1 0 -1 -1 3216 1 -1879048189 1 3216 
0
XSYMM_SIDE
0
1
0
1
ELASTIC_PLATE_1
114
1 3 16 17 18 19 20 21 22 23 24 25 26 27 28 29 30 31 32 33 34 35 36 37 38 39 40 41 42 43 44 45 46 47 48 49 872 874 887 888 889 890 891 892 893 894 895 896 897 898 899 900 901 902 903 904 905 906 907 908 909 910 911 912 913 914 915 916 917 918 919 920 2839 2840 2841 2842 2843 2844 2845 2846 2847 2848 2849 2850 2851 2852 2853 2854 2855 2856 2857 2861 2862 2863 2864 2865 2867 2868 2869 2870 2872 2873 2874 2875 2879 2880 2882 2887 2888 2889 2892 2894 2895 2896 
0
YSYMM_SIDE
0
1
0
1
ELASTIC_PLATE_1
108
6 7 76 77 78 79 80 81 82 83 84 85 86 87 88 89 90 91 92 93 94 95 96 97 98 99 100 101 102 103 104 105 106 107 108 109 110 877 878 947 948 949 950 951 952 953 954 955 956 957 958 959 960 961 962 963 964 965 966 967 968 969 970 971 972 973 974 975 976 977 978 979 980 981 1748 1749 1750 1751 1752 1754 1762 1763 1765 1766 1767 1768 1769 1772 1773 1774 1775 1776 1801 1802 1803 1804 1805 1806 1807 1808 1809 1810 1811 1812 1813 1814 1815 1816 
0
ZSYMM_SIDE
0
1
0
1
ELASTIC_PLATE_1
14
-2147483647
48 1 16 5 0 1 0 -1 -1 3216 1 -1879048189 1 3216 
0
1
ELASTIC_PLATE_1
1
SET-1
0
1
14
-2147483647
48 1 16 5 0 1 0 -1 -1 3216 1 -1879048189 1 3216 
0
0
0
0
0
