Analysis initiated from SIMULIA established products
Abaqus JOB notched_plate_default_solver
Abaqus 2023.HF4
Abaqus License Manager checked out the following licenses:
Abaqus/Standard checked out 5 tokens from Flexnet server lic-abaqus.aalto.fi.
<55 out of 100 licenses remain available>.
Begin Analysis Input File Processor
08/04/2025 17:54:52
Run pre.exe
08/04/2025 17:54:59
End Analysis Input File Processor
Begin Abaqus/Standard Analysis
08/04/2025 17:54:59
Run standard.exe
08/04/2025 18:12:19
End Abaqus/Standard Analysis
Begin SIM Wrap-up
08/04/2025 18:12:21
Run SMASimUtility.exe
08/04/2025 18:12:21
End SIM Wrap-up
Abaqus JOB notched_plate_default_solver COMPLETED
