1
0
1
ASSEMBLY
1
PLATE-1
PLATE
1
PLATE-1
14
-2147483646
0
48 1 16 5 0 1 0 -1 -1 10354 1 -1879048189 1 10354 
14
48 1 16 5 0 1 0 -1 -1 10354 1 -1879048189 1 10354 
0
1
PLATE-1
14
-2147483646
0
48 1 16 5 0 1 0 -1 -1 5086 1 -1879048189 1 5086 
14
48 1 16 5 0 1 0 -1 -1 5086 1 -1879048189 1 5086 
0
7
ALLE
0
1
0
1
PLATE-1
14
-2147483647
48 1 16 5 0 1 0 -1 -1 5086 1 -1879048189 1 5086 
0
BOTTOM_SIDE
0
1
0
1
PLATE-1
27
459 460 462 463 468 504 509 510 515 517 518 519 524 887 894 901 906 907 970 971 972 2917 2919 2921 2922 2925 2926 
0
LEFT_SIDE
0
1
0
1
PLATE-1
24
29 47 52 54 72 74 78 83 84 89 92 96 460 461 469 474 475 477 478 505 516 532 533 563 
0
MIDDLE_LINE
0
1
0
1
PLATE-1
204
875 876 878 879 880 927 932 933 935 936 952 953 956 975 978 979 987 988 989 992 993 994 995 996 997 998 999 1000 1001 1002 1003 1004 1005 1006 1007 1008 1009 1010 1011 1012 1014 1015 1016 1017 1018 1019 1020 1021 1022 1023 1024 1025 1026 1027 1028 1029 1030 1031 1032 1033 1034 1035 1036 1037 1038 1039 1040 1041 1042 1043 1044 1045 1046 1048 1050 1053 1054 1055 1058 1060 1062 1065 1068 1073 1076 1082 1084 1086 1088 1091 1100 1105 1109 1112 1114 1117 1124 1130 1172 1173 1239 1274 3043 3044 3051 3058 3059 3063 3064 3067 3124 3125 3126 3128 3129 3130 3131 3132 3133 3134 3135 3136 3137 3138 3139 3140 3141 3142 3143 3145 3146 3147 3148 3149 3150 3151 3152 3153 3154 3155 3156 3157 3158 3159 3160 3161 3162 3163 3164 3165 3166 3167 3168 3169 3170 3172 3173 3174 3175 3176 3177 3178 3179 3180 3181 3182 3183 3185 3186 3187 3188 3189 3190 3191 3192 3193 3194 3195 3196 3197 3198 3199 3200 3201 3202 3204 3205 3220 3221 3223 3225 3227 3230 3231 3233 3236 3238 3244 3251 3261 3269 3274 3282 3289 
0
RIGHT_SIDE
0
1
0
1
PLATE-1
44
910 917 924 925 926 970 975 980 981 982 983 984 986 1066 1123 1138 1169 1275 1771 1878 2914 2929 3068 3074 3075 3080 3081 3083 3092 3125 3127 3206 3207 3208 3209 3210 3211 3212 3215 3322 3430 3432 3436 5029 
0
TOP_SIDE
0
1
0
1
PLATE-1
26
8 47 48 58 65 66 67 71 82 86 87 90 124 3035 3036 3083 3084 3091 3216 3218 3219 5014 5017 5018 5020 5022 
0
WHOLE_PLATE
0
1
0
1
PLATE-1
14
-2147483647
48 1 16 5 0 1 0 -1 -1 5086 1 -1879048189 1 5086 
0
1
PLATE-1
1
WHOLE_PLATE
0
1
14
-2147483647
48 1 16 5 0 1 0 -1 -1 5086 1 -1879048189 1 5086 
0
0
0
7
ALLN
0
1
0
1
PLATE-1
14
-2147483647
48 1 16 5 0 1 0 -1 -1 10354 1 -1879048189 1 10354 
0
BOTTOM_SIDE
0
1
0
1
PLATE-1
56
11 12 14 16 408 409 410 411 412 413 414 415 416 417 418 419 527 528 529 530 531 532 533 534 535 536 537 538 2123 2124 2125 2126 2127 2128 2129 2130 2131 2132 2133 2134 2135 2136 2137 2180 2181 2182 2183 2184 2185 2186 2187 2188 2189 2190 2191 2192 
0
LEFT_SIDE
0
1
0
1
PLATE-1
52
7 8 9 10 12 13 15 16 304 305 306 307 308 309 310 311 312 313 314 339 340 341 342 343 344 345 346 347 348 349 420 421 422 423 424 425 426 427 428 429 430 516 517 518 519 520 521 522 523 524 525 526 
0
MIDDLE_LINE
0
1
0
1
PLATE-1
206
2 3 4 6 45 46 47 48 49 50 51 52 53 54 55 56 57 58 59 60 61 62 63 64 65 66 67 68 69 70 71 72 73 74 75 76 77 78 79 80 81 82 83 84 85 86 87 88 89 90 91 92 93 94 95 96 97 98 99 100 101 102 103 104 105 106 107 108 109 110 111 112 113 114 115 116 117 118 119 120 121 122 123 124 125 126 127 128 129 130 131 132 133 134 135 136 137 138 139 140 141 142 143 144 145 174 175 176 177 178 179 180 181 182 183 184 185 186 187 188 189 190 191 192 193 194 195 196 197 198 199 200 201 202 203 204 205 206 207 208 209 210 211 212 213 214 215 216 217 218 219 220 221 222 223 224 225 226 227 228 229 230 231 232 233 234 235 236 237 238 239 240 241 242 243 244 245 246 247 248 249 250 251 252 253 254 255 256 257 258 259 260 261 262 263 264 265 266 267 268 269 270 271 272 273 274 
0
RIGHT_SIDE
0
1
0
1
PLATE-1
90
3 6 2123 2124 2138 2139 2140 2141 2142 2143 2144 2145 2146 2147 2148 2149 2150 2151 2152 2153 2154 2155 2156 2157 2158 2159 2160 2161 2162 2163 2164 2165 2166 2167 2168 2169 2170 2171 2172 2173 2174 2175 2176 2177 2178 2179 6339 6340 6341 6342 6343 6344 6345 6346 6347 6348 6349 6350 6351 6352 6353 6354 6355 6356 6357 6358 6359 6360 6361 6362 6363 6364 6365 6366 6367 6368 6369 6370 6371 6396 6397 6398 6399 6400 6401 6402 6403 6404 6405 6406 
0
TOP_SIDE
0
1
0
1
PLATE-1
54
1 5 8 9 315 316 317 318 319 320 321 322 323 324 325 326 327 328 329 330 331 332 333 334 335 336 337 338 6345 6346 6372 6373 6374 6375 6376 6377 6378 6379 6380 6381 6382 6383 6384 6385 6386 6387 6388 6389 6390 6391 6392 6393 6394 6395 
0
WHOLE_PLATE
0
1
0
1
PLATE-1
14
-2147483647
48 1 16 5 0 1 0 -1 -1 10354 1 -1879048189 1 10354 
0
1
PLATE-1
1
WHOLE_PLATE
0
1
14
-2147483647
48 1 16 5 0 1 0 -1 -1 10354 1 -1879048189 1 10354 
0
0
0
0
0
